{"level":"info","message":"Database initialized successfully","metadata":{},"timestamp":"2022-07-27T16:53:49.237Z"}
{"level":"info","message":"Database initialized successfully","metadata":{},"timestamp":"2022-07-27T16:57:06.648Z"}
{"level":"info","message":"Database initialized successfully","metadata":{},"timestamp":"2022-07-27T16:57:25.238Z"}
{"level":"info","message":"Database initialized successfully","metadata":{},"timestamp":"2022-07-27T16:57:40.153Z"}
{"level":"info","message":"Server listening on port 3000","metadata":{},"timestamp":"2022-07-27T16:59:28.213Z"}
{"level":"info","message":"Database initialized successfully","metadata":{},"timestamp":"2022-07-27T16:59:31.596Z"}
{"level":"info","message":"Server listening on port 3000","metadata":{},"timestamp":"2022-07-27T17:00:35.190Z"}
{"level":"info","message":"Database initialized successfully","metadata":{},"timestamp":"2022-07-27T17:00:37.918Z"}
{"level":"info","message":"Server listening on port 3000","metadata":{},"timestamp":"2022-07-27T17:00:47.203Z"}
{"level":"info","message":"Server listening on port 3000","metadata":{},"timestamp":"2022-07-27T17:00:57.213Z"}
{"level":"info","message":"Database initialized successfully","metadata":{},"timestamp":"2022-07-27T17:00:59.657Z"}
{"level":"info","message":"Server listening on port 3000","metadata":{},"timestamp":"2022-07-27T17:01:04.670Z"}
{"level":"info","message":"Database initialized successfully","metadata":{},"timestamp":"2022-07-27T17:01:07.797Z"}
{"level":"info","message":"Server listening on port 3000","metadata":{},"timestamp":"2022-07-27T17:01:22.685Z"}
{"level":"info","message":"Database initialized successfully","metadata":{},"timestamp":"2022-07-27T17:01:25.514Z"}
{"level":"info","message":"Server listening on port 3000","metadata":{},"timestamp":"2022-07-27T17:05:36.122Z"}
{"level":"info","message":"Database initialized successfully","metadata":{},"timestamp":"2022-07-27T17:05:38.948Z"}
{"level":"info","message":"Database initialized successfully","metadata":{},"timestamp":"2022-07-27T19:54:04.877Z"}
{"level":"info","message":"Server listening on port 3000","metadata":{},"timestamp":"2022-07-27T19:54:26.855Z"}
{"level":"info","message":"Database initialized successfully","metadata":{},"timestamp":"2022-07-27T19:54:27.820Z"}
{"level":"info","message":"Server listening on port 3000","metadata":{},"timestamp":"2022-07-27T19:54:48.732Z"}
{"level":"info","message":"Database initialized successfully","metadata":{},"timestamp":"2022-07-27T19:54:49.748Z"}
{"level":"info","message":"Server listening on port 3000","metadata":{},"timestamp":"2022-07-27T19:55:07.795Z"}
{"level":"info","message":"Database initialized successfully","metadata":{},"timestamp":"2022-07-27T19:55:08.944Z"}
{"level":"info","message":"Server listening on port 3000","metadata":{},"timestamp":"2022-07-27T19:55:33.312Z"}
{"level":"info","message":"Server listening on port 3000","metadata":{},"timestamp":"2022-07-27T19:56:00.955Z"}
{"level":"info","message":"Database initialized successfully","metadata":{},"timestamp":"2022-07-27T19:56:02.070Z"}
{"level":"info","message":"Server listening on port 3000","metadata":{},"timestamp":"2022-07-27T19:56:43.619Z"}
{"level":"info","message":"Database initialized successfully","metadata":{},"timestamp":"2022-07-27T19:56:44.922Z"}
{"level":"info","message":"Server listening on port 3000","metadata":{},"timestamp":"2022-07-27T20:02:37.911Z"}
{"level":"info","message":"Database initialized successfully","metadata":{},"timestamp":"2022-07-27T20:02:39.046Z"}
{"level":"info","message":"Server listening on port 3000","metadata":{},"timestamp":"2022-07-27T20:03:50.513Z"}
{"level":"info","message":"Database initialized successfully","metadata":{},"timestamp":"2022-07-27T20:03:51.620Z"}
{"level":"info","message":"createUser is not defined","metadata":{},"timestamp":"2022-07-27T20:03:54.742Z"}
{"level":"info","message":"Server listening on port 3000","metadata":{},"timestamp":"2022-07-27T20:26:15.277Z"}
{"level":"info","message":"Database initialized successfully","metadata":{},"timestamp":"2022-07-27T20:26:17.349Z"}
{"level":"info","message":"Server listening on port 3000","metadata":{},"timestamp":"2022-07-27T20:26:34.524Z"}
{"level":"info","message":"Server listening on port 3000","metadata":{},"timestamp":"2022-07-27T20:26:37.322Z"}
{"level":"info","message":"Database initialized successfully","metadata":{},"timestamp":"2022-07-27T20:26:39.541Z"}
{"level":"info","message":"User validation failed: name: Path `name` is required., phone: Path `phone` is required., password: Path `password` is required., email: Path `email` is required., title: Path `title` is required.","metadata":{},"timestamp":"2022-07-27T20:26:45.080Z"}
{"level":"info","message":"User validation failed: name: Path `name` is required., phone: Path `phone` is required., password: Path `password` is required., email: Path `email` is required., title: Path `title` is required.","metadata":{},"timestamp":"2022-07-27T20:26:45.083Z"}
{"level":"info","message":"Server listening on port 3000","metadata":{},"timestamp":"2022-07-27T20:29:24.931Z"}
{"level":"info","message":"Database initialized successfully","metadata":{},"timestamp":"2022-07-27T20:29:26.856Z"}
{"level":"info","message":"Server listening on port 3000","metadata":{},"timestamp":"2022-07-27T20:31:08.621Z"}
{"level":"info","message":"Database initialized successfully","metadata":{},"timestamp":"2022-07-27T20:31:09.821Z"}
{"level":"info","message":"Server listening on port 3000","metadata":{},"timestamp":"2022-07-27T20:31:27.328Z"}
{"level":"info","message":"Database initialized successfully","metadata":{},"timestamp":"2022-07-27T20:31:28.565Z"}
{"level":"info","message":"User validation failed: name: Path `name` is required., phone: Path `phone` is required., password: Path `password` is required., email: Path `email` is required., title: Path `title` is required.","metadata":{},"timestamp":"2022-07-27T20:31:57.636Z"}
{"level":"info","message":"User validation failed: name: Path `name` is required., phone: Path `phone` is required., password: Path `password` is required., email: Path `email` is required., title: Path `title` is required.","metadata":{},"timestamp":"2022-07-27T20:31:57.638Z"}
{"level":"info","message":"Server listening on port 3000","metadata":{},"timestamp":"2022-07-27T20:32:16.934Z"}
{"level":"info","message":"Database initialized successfully","metadata":{},"timestamp":"2022-07-27T20:32:18.071Z"}
{"level":"info","message":"Server listening on port 3000","metadata":{},"timestamp":"2022-07-27T20:40:32.844Z"}
{"level":"info","message":"Database initialized successfully","metadata":{},"timestamp":"2022-07-27T20:40:34.527Z"}
{"level":"info","message":"Server listening on port 3000","metadata":{},"timestamp":"2022-07-27T20:40:43.595Z"}
{"level":"info","message":"Database initialized successfully","metadata":{},"timestamp":"2022-07-27T20:40:44.647Z"}
{"level":"info","message":"Server listening on port 3000","metadata":{},"timestamp":"2022-07-27T20:40:49.957Z"}
{"level":"info","message":"Database initialized successfully","metadata":{},"timestamp":"2022-07-27T20:40:50.965Z"}
{"level":"info","message":"Server listening on port 3000","metadata":{},"timestamp":"2022-07-27T20:41:52.783Z"}
{"level":"info","message":"Database initialized successfully","metadata":{},"timestamp":"2022-07-27T20:41:53.864Z"}
{"level":"info","message":"Server listening on port 3000","metadata":{},"timestamp":"2022-07-27T20:42:04.632Z"}
{"level":"info","message":"Database initialized successfully","metadata":{},"timestamp":"2022-07-27T20:42:05.894Z"}
{"level":"info","message":"Server listening on port 3000","metadata":{},"timestamp":"2022-07-27T20:42:11.106Z"}
{"level":"info","message":"Database initialized successfully","metadata":{},"timestamp":"2022-07-27T20:42:12.191Z"}
{"level":"info","message":"Server listening on port 3000","metadata":{},"timestamp":"2022-07-27T20:43:27.072Z"}
{"level":"info","message":"Database initialized successfully","metadata":{},"timestamp":"2022-07-27T20:43:28.458Z"}
{"level":"info","message":"Server listening on port 3000","metadata":{},"timestamp":"2022-07-27T20:43:36.223Z"}
{"level":"info","message":"Server listening on port 3000","metadata":{},"timestamp":"2022-07-27T20:43:40.156Z"}
{"level":"info","message":"Database initialized successfully","metadata":{},"timestamp":"2022-07-27T20:43:41.260Z"}
{"level":"info","message":"Server listening on port 3000","metadata":{},"timestamp":"2022-07-27T20:47:21.844Z"}
{"level":"info","message":"Database initialized successfully","metadata":{},"timestamp":"2022-07-27T20:47:24.019Z"}
{"level":"info","message":"Server listening on port 3000","metadata":{},"timestamp":"2022-07-27T20:49:41.331Z"}
{"level":"info","message":"Database initialized successfully","metadata":{},"timestamp":"2022-07-27T20:49:43.060Z"}
{"level":"info","message":"Server listening on port 3000","metadata":{},"timestamp":"2022-07-27T20:50:13.309Z"}
{"level":"info","message":"Database initialized successfully","metadata":{},"timestamp":"2022-07-27T20:50:14.479Z"}
{"level":"info","message":"Server listening on port 3000","metadata":{},"timestamp":"2022-07-27T20:50:31.976Z"}
{"level":"info","message":"Database initialized successfully","metadata":{},"timestamp":"2022-07-27T20:50:33.016Z"}
{"level":"info","message":"Server listening on port 3000","metadata":{},"timestamp":"2022-07-27T20:51:52.737Z"}
{"level":"info","message":"Database initialized successfully","metadata":{},"timestamp":"2022-07-27T20:51:54.132Z"}
{"level":"info","message":"Server listening on port 3000","metadata":{},"timestamp":"2022-07-27T20:51:59.333Z"}
{"level":"info","message":"Database initialized successfully","metadata":{},"timestamp":"2022-07-27T20:52:00.358Z"}
{"level":"info","message":"Server listening on port 3000","metadata":{},"timestamp":"2022-07-27T20:52:16.338Z"}
{"level":"info","message":"Database initialized successfully","metadata":{},"timestamp":"2022-07-27T20:52:17.395Z"}
{"level":"info","message":"Server listening on port 3000","metadata":{},"timestamp":"2022-07-27T20:52:20.276Z"}
{"level":"info","message":"Database initialized successfully","metadata":{},"timestamp":"2022-07-27T20:52:21.298Z"}
{"level":"info","message":"Server listening on port 3000","metadata":{},"timestamp":"2022-07-27T21:26:45.571Z"}
{"level":"info","message":"Database initialized successfully","metadata":{},"timestamp":"2022-07-27T21:26:47.814Z"}
{"level":"info","message":"Email already exists","metadata":{},"timestamp":"2022-07-27T21:26:53.776Z"}
{"level":"info","message":"Email already exists","metadata":{},"timestamp":"2022-07-27T21:26:53.777Z"}
{"level":"info","message":"Phone number already exists","metadata":{},"timestamp":"2022-07-27T21:28:24.410Z"}
{"level":"info","message":"Phone number already exists","metadata":{},"timestamp":"2022-07-27T21:28:24.413Z"}
{"level":"info","message":"Server listening on port 3000","metadata":{},"timestamp":"2022-07-27T21:47:31.459Z"}
{"level":"info","message":"Database initialized successfully","metadata":{},"timestamp":"2022-07-27T21:47:32.687Z"}
{"level":"info","message":"Server listening on port 3000","metadata":{},"timestamp":"2022-07-27T21:48:05.025Z"}
{"level":"info","message":"Database initialized successfully","metadata":{},"timestamp":"2022-07-27T21:48:06.146Z"}
{"level":"info","message":"Server listening on port 3000","metadata":{},"timestamp":"2022-07-27T21:48:15.328Z"}
{"level":"info","message":"Database initialized successfully","metadata":{},"timestamp":"2022-07-27T21:48:16.439Z"}
{"level":"info","message":"Server listening on port 3000","metadata":{},"timestamp":"2022-07-27T21:48:40.154Z"}
{"level":"info","message":"Database initialized successfully","metadata":{},"timestamp":"2022-07-27T21:48:42.231Z"}
{"level":"info","message":"Server listening on port 3000","metadata":{},"timestamp":"2022-07-27T21:48:45.841Z"}
{"level":"info","message":"Database initialized successfully","metadata":{},"timestamp":"2022-07-27T21:48:47.040Z"}
{"level":"info","message":"Server listening on port 3000","metadata":{},"timestamp":"2022-07-27T21:48:49.141Z"}
{"level":"info","message":"Database initialized successfully","metadata":{},"timestamp":"2022-07-27T21:48:50.176Z"}
{"level":"info","message":"Server listening on port 3000","metadata":{},"timestamp":"2022-07-27T21:49:32.486Z"}
{"level":"info","message":"Server listening on port 3000","metadata":{},"timestamp":"2022-07-27T21:49:35.357Z"}
{"level":"info","message":"Database initialized successfully","metadata":{},"timestamp":"2022-07-27T21:49:36.542Z"}
{"level":"info","message":"Server listening on port 3000","metadata":{},"timestamp":"2022-07-27T21:49:59.557Z"}
{"level":"info","message":"Database initialized successfully","metadata":{},"timestamp":"2022-07-27T21:50:00.737Z"}
{"level":"info","message":"Server listening on port 3000","metadata":{},"timestamp":"2022-07-27T21:50:07.126Z"}
{"level":"info","message":"Server listening on port 3000","metadata":{},"timestamp":"2022-07-27T21:50:10.525Z"}
{"level":"info","message":"Server listening on port 3000","metadata":{},"timestamp":"2022-07-27T21:50:13.286Z"}
{"level":"info","message":"Server listening on port 3000","metadata":{},"timestamp":"2022-07-27T21:50:15.982Z"}
{"level":"info","message":"Database initialized successfully","metadata":{},"timestamp":"2022-07-27T21:50:16.957Z"}
{"level":"info","message":"Server listening on port 3000","metadata":{},"timestamp":"2022-07-27T21:50:33.264Z"}
{"level":"info","message":"Database initialized successfully","metadata":{},"timestamp":"2022-07-27T21:50:34.386Z"}
{"level":"info","message":"Server listening on port 3000","metadata":{},"timestamp":"2022-07-27T22:06:57.705Z"}
{"level":"info","message":"Database initialized successfully","metadata":{},"timestamp":"2022-07-27T22:06:58.818Z"}
{"level":"info","message":"Server listening on port 3000","metadata":{},"timestamp":"2022-07-27T22:09:50.728Z"}
{"level":"info","message":"Database initialized successfully","metadata":{},"timestamp":"2022-07-27T22:09:51.861Z"}
{"level":"info","message":"Server listening on port 3000","metadata":{},"timestamp":"2022-07-27T22:10:20.191Z"}
{"level":"info","message":"Server listening on port 3000","metadata":{},"timestamp":"2022-07-27T22:10:55.428Z"}
{"level":"info","message":"Database initialized successfully","metadata":{},"timestamp":"2022-07-27T22:10:56.551Z"}
{"level":"info","message":"Server listening on port 3000","metadata":{},"timestamp":"2022-07-27T22:10:59.050Z"}
{"level":"info","message":"Database initialized successfully","metadata":{},"timestamp":"2022-07-27T22:11:00.108Z"}
{"level":"info","message":"Server listening on port 3000","metadata":{},"timestamp":"2022-07-27T22:11:07.945Z"}
{"level":"info","message":"Server listening on port 3000","metadata":{},"timestamp":"2022-07-27T22:11:16.248Z"}
{"level":"info","message":"Database initialized successfully","metadata":{},"timestamp":"2022-07-27T22:11:17.348Z"}
{"level":"info","message":"Server listening on port 3000","metadata":{},"timestamp":"2022-07-27T22:11:23.923Z"}
{"level":"info","message":"Server listening on port 3000","metadata":{},"timestamp":"2022-07-27T22:11:26.879Z"}
{"level":"info","message":"Database initialized successfully","metadata":{},"timestamp":"2022-07-27T22:11:27.969Z"}
{"level":"info","message":"Server listening on port 3000","metadata":{},"timestamp":"2022-07-27T22:23:06.307Z"}
{"level":"info","message":"Database initialized successfully","metadata":{},"timestamp":"2022-07-27T22:23:07.504Z"}
{"level":"info","message":"Server listening on port 3000","metadata":{},"timestamp":"2022-07-27T22:23:54.089Z"}
{"level":"info","message":"Database initialized successfully","metadata":{},"timestamp":"2022-07-27T22:23:55.231Z"}
{"level":"info","message":"admin, login requires Email","metadata":{},"timestamp":"2022-07-27T22:24:27.872Z"}
{"level":"info","message":"admin, login requires Email","metadata":{},"timestamp":"2022-07-27T22:24:27.878Z"}
{"level":"info","message":"Server listening on port 3000","metadata":{},"timestamp":"2022-07-27T22:26:48.345Z"}
{"level":"info","message":"Database initialized successfully","metadata":{},"timestamp":"2022-07-27T22:26:49.447Z"}
{"level":"info","message":"Server listening on port 3000","metadata":{},"timestamp":"2022-07-27T22:32:39.758Z"}
{"level":"info","message":"Database initialized successfully","metadata":{},"timestamp":"2022-07-27T22:32:41.013Z"}
{"level":"info","message":"Server listening on port 3000","metadata":{},"timestamp":"2022-07-27T22:33:26.696Z"}
{"level":"info","message":"Database initialized successfully","metadata":{},"timestamp":"2022-07-27T22:33:27.752Z"}
{"level":"info","message":"Server listening on port 3000","metadata":{},"timestamp":"2022-07-27T22:33:31.987Z"}
{"level":"info","message":"Database initialized successfully","metadata":{},"timestamp":"2022-07-27T22:33:33.029Z"}
{"level":"info","message":"Server listening on port 3000","metadata":{},"timestamp":"2022-07-27T22:33:51.354Z"}
{"level":"info","message":"Database initialized successfully","metadata":{},"timestamp":"2022-07-27T22:33:52.572Z"}
{"level":"info","message":"Server listening on port 3000","metadata":{},"timestamp":"2022-07-27T22:36:58.905Z"}
{"level":"info","message":"Database initialized successfully","metadata":{},"timestamp":"2022-07-27T22:37:00.004Z"}
{"level":"info","message":"Server listening on port 3000","metadata":{},"timestamp":"2022-07-27T22:37:02.089Z"}
{"level":"info","message":"Database initialized successfully","metadata":{},"timestamp":"2022-07-27T22:37:03.211Z"}
{"level":"info","message":"Server listening on port 3000","metadata":{},"timestamp":"2022-07-27T22:37:11.216Z"}
{"level":"info","message":"Database initialized successfully","metadata":{},"timestamp":"2022-07-27T22:37:12.295Z"}
{"level":"info","message":"Server listening on port 3000","metadata":{},"timestamp":"2022-07-27T22:38:29.780Z"}
{"level":"info","message":"Database initialized successfully","metadata":{},"timestamp":"2022-07-27T22:38:30.971Z"}
{"level":"info","message":"Server listening on port 3000","metadata":{},"timestamp":"2022-07-27T22:38:56.418Z"}
{"level":"info","message":"Database initialized successfully","metadata":{},"timestamp":"2022-07-27T22:38:57.516Z"}
{"level":"info","message":"Server listening on port 3000","metadata":{},"timestamp":"2022-07-27T22:39:06.390Z"}
{"level":"info","message":"Database initialized successfully","metadata":{},"timestamp":"2022-07-27T22:39:07.463Z"}
{"level":"info","message":"creator is not defined","metadata":{},"timestamp":"2022-07-27T22:40:07.438Z"}
{"level":"info","message":"creator is not defined","metadata":{},"timestamp":"2022-07-27T22:40:07.440Z"}
{"level":"info","message":"Server listening on port 3000","metadata":{},"timestamp":"2022-07-27T22:41:22.724Z"}
{"level":"info","message":"Server listening on port 3000","metadata":{},"timestamp":"2022-07-27T22:41:24.570Z"}
{"level":"info","message":"Database initialized successfully","metadata":{},"timestamp":"2022-07-27T22:41:26.575Z"}
{"level":"info","message":"Server listening on port 3000","metadata":{},"timestamp":"2022-07-27T22:41:36.361Z"}
{"level":"info","message":"Database initialized successfully","metadata":{},"timestamp":"2022-07-27T22:41:37.527Z"}
{"level":"info","message":"Server listening on port 3000","metadata":{},"timestamp":"2022-07-27T22:41:46.117Z"}
{"level":"info","message":"Database initialized successfully","metadata":{},"timestamp":"2022-07-27T22:41:47.192Z"}
{"level":"info","message":"Server listening on port 3000","metadata":{},"timestamp":"2022-07-27T22:43:27.897Z"}
{"level":"info","message":"Database initialized successfully","metadata":{},"timestamp":"2022-07-27T22:43:28.987Z"}
{"level":"info","message":"Server listening on port 3000","metadata":{},"timestamp":"2022-07-27T22:43:32.936Z"}
{"level":"info","message":"Database initialized successfully","metadata":{},"timestamp":"2022-07-27T22:43:33.979Z"}
{"level":"info","message":"undefined are not allowed to create admin","metadata":{},"timestamp":"2022-07-27T22:43:41.262Z"}
{"level":"info","message":"undefined are not allowed to create admin","metadata":{},"timestamp":"2022-07-27T22:43:41.265Z"}
{"level":"info","message":"Cannot read properties of undefined (reading 'role')","metadata":{},"timestamp":"2022-07-27T22:44:27.814Z"}
{"level":"info","message":"Server listening on port 3000","metadata":{},"timestamp":"2022-07-27T22:45:50.518Z"}
{"level":"info","message":"Database initialized successfully","metadata":{},"timestamp":"2022-07-27T22:45:51.672Z"}
{"level":"info","message":"Server listening on port 3000","metadata":{},"timestamp":"2022-07-27T22:45:59.699Z"}
{"level":"info","message":"Database initialized successfully","metadata":{},"timestamp":"2022-07-27T22:46:00.758Z"}
{"level":"info","message":"Server listening on port 3000","metadata":{},"timestamp":"2022-07-27T22:46:06.079Z"}
{"level":"info","message":"Database initialized successfully","metadata":{},"timestamp":"2022-07-27T22:46:07.175Z"}
{"level":"info","message":"Server listening on port 3000","metadata":{},"timestamp":"2022-07-27T22:46:45.111Z"}
{"level":"info","message":"Database initialized successfully","metadata":{},"timestamp":"2022-07-27T22:46:46.226Z"}
{"level":"info","message":"Server listening on port 3000","metadata":{},"timestamp":"2022-07-27T22:46:56.694Z"}
{"level":"info","message":"Database initialized successfully","metadata":{},"timestamp":"2022-07-27T22:46:58.215Z"}
{"level":"info","message":"Server listening on port 3000","metadata":{},"timestamp":"2022-07-27T22:47:37.594Z"}
{"level":"info","message":"Database initialized successfully","metadata":{},"timestamp":"2022-07-27T22:47:38.756Z"}
{"level":"info","message":"Server listening on port 3000","metadata":{},"timestamp":"2022-07-27T22:47:49.785Z"}
{"level":"info","message":"Database initialized successfully","metadata":{},"timestamp":"2022-07-27T22:47:50.791Z"}
{"level":"info","message":"Server listening on port 3000","metadata":{},"timestamp":"2022-07-27T22:47:54.836Z"}
{"level":"info","message":"Database initialized successfully","metadata":{},"timestamp":"2022-07-27T22:47:55.838Z"}
{"level":"info","message":"Server listening on port 3000","metadata":{},"timestamp":"2022-07-27T22:48:01.759Z"}
{"level":"info","message":"Database initialized successfully","metadata":{},"timestamp":"2022-07-27T22:48:03.351Z"}
{"level":"info","message":"Server listening on port 3000","metadata":{},"timestamp":"2022-07-27T22:48:10.489Z"}
{"level":"info","message":"Database initialized successfully","metadata":{},"timestamp":"2022-07-27T22:48:11.524Z"}
{"level":"info","message":"Server listening on port 3000","metadata":{},"timestamp":"2022-07-27T22:48:15.861Z"}
{"level":"info","message":"Database initialized successfully","metadata":{},"timestamp":"2022-07-27T22:48:16.932Z"}
{"level":"info","message":"Server listening on port 3000","metadata":{},"timestamp":"2022-07-27T22:48:22.956Z"}
{"level":"info","message":"Database initialized successfully","metadata":{},"timestamp":"2022-07-27T22:48:24.095Z"}
{"level":"info","message":"Cannot read properties of undefined (reading 'role')","metadata":{},"timestamp":"2022-07-27T22:48:35.620Z"}
{"level":"info","message":"Cannot read properties of undefined (reading 'role')","metadata":{},"timestamp":"2022-07-27T22:49:01.467Z"}
{"level":"info","message":"Server listening on port 3000","metadata":{},"timestamp":"2022-07-27T22:49:30.910Z"}
{"level":"info","message":"Database initialized successfully","metadata":{},"timestamp":"2022-07-27T22:49:32.576Z"}
{"level":"info","message":"Server listening on port 3000","metadata":{},"timestamp":"2022-07-27T22:49:36.134Z"}
{"level":"info","message":"Database initialized successfully","metadata":{},"timestamp":"2022-07-27T22:49:37.196Z"}
{"level":"info","message":"Server listening on port 3000","metadata":{},"timestamp":"2022-07-27T22:49:42.797Z"}
{"level":"info","message":"Server listening on port 3000","metadata":{},"timestamp":"2022-07-27T22:49:44.607Z"}
{"level":"info","message":"Database initialized successfully","metadata":{},"timestamp":"2022-07-27T22:49:45.689Z"}
{"level":"info","message":"Server listening on port 3000","metadata":{},"timestamp":"2022-07-27T22:49:56.229Z"}
{"level":"info","message":"Server listening on port 3000","metadata":{},"timestamp":"2022-07-27T22:51:03.090Z"}
{"level":"info","message":"Database initialized successfully","metadata":{},"timestamp":"2022-07-27T22:51:04.638Z"}
{"level":"info","message":"Server listening on port 3000","metadata":{},"timestamp":"2022-07-27T22:51:14.643Z"}
{"level":"info","message":"Database initialized successfully","metadata":{},"timestamp":"2022-07-27T22:51:15.915Z"}
{"level":"info","message":"Server listening on port 3000","metadata":{},"timestamp":"2022-07-27T22:51:25.498Z"}
{"level":"info","message":"Server listening on port 3000","metadata":{},"timestamp":"2022-07-27T22:51:30.551Z"}
{"level":"info","message":"Database initialized successfully","metadata":{},"timestamp":"2022-07-27T22:51:31.619Z"}
{"level":"info","message":"Server listening on port 3000","metadata":{},"timestamp":"2022-07-27T22:51:40.103Z"}
{"level":"info","message":"Database initialized successfully","metadata":{},"timestamp":"2022-07-27T22:51:41.129Z"}
{"level":"info","message":"Server listening on port 3000","metadata":{},"timestamp":"2022-07-27T22:51:45.257Z"}
{"level":"info","message":"Database initialized successfully","metadata":{},"timestamp":"2022-07-27T22:51:46.322Z"}
{"level":"info","message":"Server listening on port 3000","metadata":{},"timestamp":"2022-07-27T22:51:51.341Z"}
{"level":"info","message":"Database initialized successfully","metadata":{},"timestamp":"2022-07-27T22:51:52.408Z"}
{"level":"info","message":"Cannot read properties of undefined (reading 'role')","metadata":{},"timestamp":"2022-07-27T22:51:56.649Z"}
{"level":"info","message":"Cannot read properties of undefined (reading 'role')","metadata":{},"timestamp":"2022-07-27T22:52:00.841Z"}
{"level":"info","message":"Server listening on port 3000","metadata":{},"timestamp":"2022-07-27T22:59:31.981Z"}
{"level":"info","message":"Database initialized successfully","metadata":{},"timestamp":"2022-07-27T22:59:33.202Z"}
{"level":"info","message":"Server listening on port 3000","metadata":{},"timestamp":"2022-07-27T22:59:37.379Z"}
{"level":"info","message":"Database initialized successfully","metadata":{},"timestamp":"2022-07-27T22:59:38.439Z"}
{"level":"info","message":"Server listening on port 3000","metadata":{},"timestamp":"2022-07-27T22:59:41.513Z"}
{"level":"info","message":"Database initialized successfully","metadata":{},"timestamp":"2022-07-27T22:59:42.587Z"}
{"level":"info","message":"Server listening on port 3000","metadata":{},"timestamp":"2022-07-27T23:00:10.290Z"}
{"level":"info","message":"Server listening on port 3000","metadata":{},"timestamp":"2022-07-27T23:00:18.966Z"}
{"level":"info","message":"Server listening on port 3000","metadata":{},"timestamp":"2022-07-27T23:00:22.325Z"}
{"level":"info","message":"Server listening on port 3000","metadata":{},"timestamp":"2022-07-27T23:00:26.006Z"}
{"level":"info","message":"Database initialized successfully","metadata":{},"timestamp":"2022-07-27T23:00:27.973Z"}
{"level":"info","message":"Server listening on port 3000","metadata":{},"timestamp":"2022-07-27T23:00:31.838Z"}
{"level":"info","message":"Server listening on port 3000","metadata":{},"timestamp":"2022-07-27T23:00:35.071Z"}
{"level":"info","message":"Database initialized successfully","metadata":{},"timestamp":"2022-07-27T23:00:36.657Z"}
{"level":"info","message":"Server listening on port 3000","metadata":{},"timestamp":"2022-07-27T23:00:40.944Z"}
{"level":"info","message":"Database initialized successfully","metadata":{},"timestamp":"2022-07-27T23:00:41.957Z"}
{"level":"info","message":"Server listening on port 3000","metadata":{},"timestamp":"2022-07-27T23:00:49.657Z"}
{"level":"info","message":"Server listening on port 3000","metadata":{},"timestamp":"2022-07-27T23:00:54.136Z"}
{"level":"info","message":"Database initialized successfully","metadata":{},"timestamp":"2022-07-27T23:00:55.326Z"}
{"level":"info","message":"Server listening on port 3000","metadata":{},"timestamp":"2022-07-27T23:01:18.730Z"}
{"level":"info","message":"Database initialized successfully","metadata":{},"timestamp":"2022-07-27T23:01:19.778Z"}
{"level":"info","message":"Server listening on port 3000","metadata":{},"timestamp":"2022-07-27T23:01:24.025Z"}
{"level":"info","message":"Database initialized successfully","metadata":{},"timestamp":"2022-07-27T23:01:25.101Z"}
{"level":"info","message":"Server listening on port 3000","metadata":{},"timestamp":"2022-07-27T23:02:06.723Z"}
{"level":"info","message":"Database initialized successfully","metadata":{},"timestamp":"2022-07-27T23:02:08.859Z"}
{"level":"info","message":"Server listening on port 3000","metadata":{},"timestamp":"2022-07-27T23:02:39.697Z"}
{"level":"info","message":"Database initialized successfully","metadata":{},"timestamp":"2022-07-27T23:02:40.756Z"}
{"level":"info","message":"Server listening on port 3000","metadata":{},"timestamp":"2022-07-27T23:02:49.143Z"}
{"level":"info","message":"Database initialized successfully","metadata":{},"timestamp":"2022-07-27T23:02:50.179Z"}
{"level":"info","message":"Server listening on port 3000","metadata":{},"timestamp":"2022-07-27T23:02:55.399Z"}
{"level":"info","message":"Server listening on port 3000","metadata":{},"timestamp":"2022-07-27T23:03:01.793Z"}
{"level":"info","message":"Database initialized successfully","metadata":{},"timestamp":"2022-07-27T23:03:02.823Z"}
{"level":"info","message":"Server listening on port 3000","metadata":{},"timestamp":"2022-07-27T23:03:27.831Z"}
{"level":"info","message":"Database initialized successfully","metadata":{},"timestamp":"2022-07-27T23:03:29.070Z"}
{"level":"info","message":"Server listening on port 3000","metadata":{},"timestamp":"2022-07-27T23:04:56.506Z"}
{"level":"info","message":"Database initialized successfully","metadata":{},"timestamp":"2022-07-27T23:04:57.692Z"}
{"level":"info","message":"Server listening on port 3000","metadata":{},"timestamp":"2022-07-27T23:05:32.571Z"}
{"level":"info","message":"Database initialized successfully","metadata":{},"timestamp":"2022-07-27T23:05:33.779Z"}
{"level":"info","message":"Cannot read properties of undefined (reading 'role')","metadata":{},"timestamp":"2022-07-27T23:06:24.244Z"}
{"level":"info","message":"Server listening on port 3000","metadata":{},"timestamp":"2022-07-27T23:07:49.512Z"}
{"level":"info","message":"Server listening on port 3000","metadata":{},"timestamp":"2022-07-27T23:07:55.184Z"}
{"level":"info","message":"Database initialized successfully","metadata":{},"timestamp":"2022-07-27T23:07:56.309Z"}
{"level":"info","message":"Server listening on port 3000","metadata":{},"timestamp":"2022-07-27T23:08:04.453Z"}
{"level":"info","message":"Database initialized successfully","metadata":{},"timestamp":"2022-07-27T23:08:05.541Z"}
{"level":"info","message":"Server listening on port 3000","metadata":{},"timestamp":"2022-07-27T23:08:15.066Z"}
{"level":"info","message":"Server listening on port 3000","metadata":{},"timestamp":"2022-07-27T23:08:17.032Z"}
{"level":"info","message":"Database initialized successfully","metadata":{},"timestamp":"2022-07-27T23:08:18.171Z"}
{"level":"info","message":"Cannot read properties of undefined (reading 'role')","metadata":{},"timestamp":"2022-07-27T23:08:24.100Z"}
{"level":"info","message":"Cannot read properties of undefined (reading 'role')","metadata":{},"timestamp":"2022-07-27T23:09:24.826Z"}
{"level":"info","message":"Cannot read properties of undefined (reading 'role')","metadata":{},"timestamp":"2022-07-27T23:14:17.117Z"}
{"level":"info","message":"Server listening on port 3000","metadata":{},"timestamp":"2022-07-27T23:32:36.565Z"}
{"level":"info","message":"Database initialized successfully","metadata":{},"timestamp":"2022-07-27T23:32:37.771Z"}
{"level":"info","message":"Server listening on port 3000","metadata":{},"timestamp":"2022-07-27T23:32:42.581Z"}
{"level":"info","message":"Server listening on port 3000","metadata":{},"timestamp":"2022-07-27T23:32:45.301Z"}
{"level":"info","message":"Database initialized successfully","metadata":{},"timestamp":"2022-07-27T23:32:46.364Z"}
{"level":"info","message":"Cannot read properties of undefined (reading 'role')","metadata":{},"timestamp":"2022-07-27T23:33:23.438Z"}
{"level":"info","message":"Server listening on port 3000","metadata":{},"timestamp":"2022-07-27T23:34:00.581Z"}
{"level":"info","message":"Database initialized successfully","metadata":{},"timestamp":"2022-07-27T23:34:01.786Z"}
{"level":"info","message":"Cannot read properties of undefined (reading 'role')","metadata":{},"timestamp":"2022-07-27T23:34:08.446Z"}
{"level":"info","message":"Server listening on port 3000","metadata":{},"timestamp":"2022-07-27T23:34:51.559Z"}
{"level":"info","message":"Database initialized successfully","metadata":{},"timestamp":"2022-07-27T23:34:52.786Z"}
{"level":"info","message":"Cannot read properties of undefined (reading 'role')","metadata":{},"timestamp":"2022-07-27T23:34:56.380Z"}
{"level":"info","message":"Server listening on port 3000","metadata":{},"timestamp":"2022-07-27T23:35:16.681Z"}
{"level":"info","message":"Database initialized successfully","metadata":{},"timestamp":"2022-07-27T23:35:17.826Z"}
{"level":"info","message":"Cannot read properties of undefined (reading 'role')","metadata":{},"timestamp":"2022-07-27T23:35:25.434Z"}
{"level":"info","message":"Server listening on port 3000","metadata":{},"timestamp":"2022-07-27T23:36:53.932Z"}
{"level":"info","message":"Server listening on port 3000","metadata":{},"timestamp":"2022-07-27T23:36:57.097Z"}
{"level":"info","message":"Database initialized successfully","metadata":{},"timestamp":"2022-07-27T23:36:58.163Z"}
{"level":"info","message":"Server listening on port 3000","metadata":{},"timestamp":"2022-07-27T23:37:51.096Z"}
{"level":"info","message":"Database initialized successfully","metadata":{},"timestamp":"2022-07-27T23:37:52.265Z"}
{"level":"info","message":"Server listening on port 3000","metadata":{},"timestamp":"2022-07-27T23:38:02.057Z"}
{"level":"info","message":"Database initialized successfully","metadata":{},"timestamp":"2022-07-27T23:38:03.287Z"}
{"level":"info","message":"Cannot read properties of undefined (reading 'role')","metadata":{},"timestamp":"2022-07-27T23:38:11.398Z"}
{"level":"info","message":"Server listening on port 3000","metadata":{},"timestamp":"2022-07-27T23:39:26.320Z"}
{"level":"info","message":"Database initialized successfully","metadata":{},"timestamp":"2022-07-27T23:39:27.536Z"}
{"level":"info","message":"Server listening on port 3000","metadata":{},"timestamp":"2022-07-27T23:39:34.357Z"}
{"level":"info","message":"Database initialized successfully","metadata":{},"timestamp":"2022-07-27T23:39:35.589Z"}
{"level":"info","message":"Cannot read properties of undefined (reading 'role')","metadata":{},"timestamp":"2022-07-27T23:39:40.336Z"}
{"level":"info","message":"Server listening on port 3000","metadata":{},"timestamp":"2022-07-27T23:40:15.616Z"}
{"level":"info","message":"Server listening on port 3000","metadata":{},"timestamp":"2022-07-27T23:40:20.586Z"}
{"level":"info","message":"Server listening on port 3000","metadata":{},"timestamp":"2022-07-27T23:40:23.554Z"}
{"level":"info","message":"Database initialized successfully","metadata":{},"timestamp":"2022-07-27T23:40:24.749Z"}
{"level":"info","message":"Server listening on port 3000","metadata":{},"timestamp":"2022-07-27T23:41:11.458Z"}
{"level":"info","message":"Database initialized successfully","metadata":{},"timestamp":"2022-07-27T23:41:12.540Z"}
{"level":"info","message":"Server listening on port 3000","metadata":{},"timestamp":"2022-07-27T23:41:21.389Z"}
{"level":"info","message":"Database initialized successfully","metadata":{},"timestamp":"2022-07-27T23:41:27.907Z"}
{"level":"info","message":"Email already exists","metadata":{},"timestamp":"2022-07-27T23:41:31.516Z"}
{"level":"info","message":"Email already exists","metadata":{},"timestamp":"2022-07-27T23:41:31.518Z"}
{"level":"info","message":"Server listening on port 3000","metadata":{},"timestamp":"2022-07-27T23:41:53.329Z"}
{"level":"info","message":"Database initialized successfully","metadata":{},"timestamp":"2022-07-27T23:41:54.452Z"}
{"level":"info","message":"Server listening on port 3000","metadata":{},"timestamp":"2022-07-27T23:41:57.703Z"}
{"level":"info","message":"Database initialized successfully","metadata":{},"timestamp":"2022-07-27T23:41:58.776Z"}
{"level":"info","message":"Phone number already exists","metadata":{},"timestamp":"2022-07-27T23:45:25.325Z"}
{"level":"info","message":"Phone number already exists","metadata":{},"timestamp":"2022-07-27T23:45:25.327Z"}
{"level":"info","message":"Email already exists","metadata":{},"timestamp":"2022-07-27T23:48:02.959Z"}
{"level":"info","message":"Email already exists","metadata":{},"timestamp":"2022-07-27T23:48:02.962Z"}
{"level":"info","message":"Server listening on port 3000","metadata":{},"timestamp":"2022-07-27T23:51:35.169Z"}
{"level":"info","message":"Server listening on port 3000","metadata":{},"timestamp":"2022-07-27T23:51:38.489Z"}
{"level":"info","message":"Database initialized successfully","metadata":{},"timestamp":"2022-07-27T23:51:40.593Z"}
{"level":"info","message":"Server listening on port 3000","metadata":{},"timestamp":"2022-07-27T23:53:45.224Z"}
{"level":"info","message":"Database initialized successfully","metadata":{},"timestamp":"2022-07-27T23:53:47.396Z"}
{"level":"info","message":"procurement manager are not allowed to create admin","metadata":{},"timestamp":"2022-07-27T23:59:16.866Z"}
{"level":"info","message":"procurement manager are not allowed to create admin","metadata":{},"timestamp":"2022-07-27T23:59:16.872Z"}
{"level":"info","message":"Inspection manager login, requires phone number","metadata":{},"timestamp":"2022-07-28T00:03:50.775Z"}
{"level":"info","message":"Inspection manager login, requires phone number","metadata":{},"timestamp":"2022-07-28T00:03:50.777Z"}
{"level":"info","message":"procurement manager, login requires Email","metadata":{},"timestamp":"2022-07-28T00:06:21.534Z"}
{"level":"info","message":"procurement manager, login requires Email","metadata":{},"timestamp":"2022-07-28T00:06:21.535Z"}
{"level":"info","message":"Server listening on port 3000","metadata":{},"timestamp":"2022-07-28T00:13:09.735Z"}
{"level":"info","message":"Database initialized successfully","metadata":{},"timestamp":"2022-07-28T00:13:10.894Z"}
{"level":"info","message":"Email already exists","metadata":{},"timestamp":"2022-07-28T00:14:00.013Z"}
{"level":"info","message":"Email already exists","metadata":{},"timestamp":"2022-07-28T00:14:00.014Z"}
{"level":"info","message":"Server listening on port 3000","metadata":{},"timestamp":"2022-07-28T00:16:37.450Z"}
{"level":"info","message":"Database initialized successfully","metadata":{},"timestamp":"2022-07-28T00:16:38.690Z"}
{"level":"info","message":"Server listening on port 3000","metadata":{},"timestamp":"2022-07-28T00:16:49.186Z"}
{"level":"info","message":"Server listening on port 3000","metadata":{},"timestamp":"2022-07-28T00:16:52.358Z"}
{"level":"info","message":"Database initialized successfully","metadata":{},"timestamp":"2022-07-28T00:16:53.471Z"}
{"level":"info","message":"Server listening on port 3000","metadata":{},"timestamp":"2022-07-28T00:16:57.744Z"}
{"level":"info","message":"Database initialized successfully","metadata":{},"timestamp":"2022-07-28T00:16:58.834Z"}
{"level":"info","message":"Server listening on port 3000","metadata":{},"timestamp":"2022-07-28T00:17:01.748Z"}
{"level":"info","message":"Database initialized successfully","metadata":{},"timestamp":"2022-07-28T00:17:02.866Z"}
{"level":"info","message":"Server listening on port 3000","metadata":{},"timestamp":"2022-07-28T00:17:09.714Z"}
{"level":"info","message":"Database initialized successfully","metadata":{},"timestamp":"2022-07-28T00:17:10.800Z"}
{"level":"info","message":"Server listening on port 3000","metadata":{},"timestamp":"2022-07-28T00:20:02.201Z"}
{"level":"info","message":"Database initialized successfully","metadata":{},"timestamp":"2022-07-28T00:20:04.154Z"}
{"level":"info","message":"Server listening on port 3000","metadata":{},"timestamp":"2022-07-28T00:20:13.504Z"}
{"level":"info","message":"Database initialized successfully","metadata":{},"timestamp":"2022-07-28T00:20:14.609Z"}
{"level":"info","message":"Email already exists","metadata":{},"timestamp":"2022-07-28T00:20:17.822Z"}
{"level":"info","message":"Email already exists","metadata":{},"timestamp":"2022-07-28T00:20:17.823Z"}
{"level":"info","message":"Phone number already exists","metadata":{},"timestamp":"2022-07-28T00:20:30.728Z"}
{"level":"info","message":"Phone number already exists","metadata":{},"timestamp":"2022-07-28T00:20:30.731Z"}
{"level":"info","message":"Server listening on port 3000","metadata":{},"timestamp":"2022-07-28T00:21:16.870Z"}
{"level":"info","message":"Database initialized successfully","metadata":{},"timestamp":"2022-07-28T00:21:18.209Z"}
{"level":"info","message":"Server listening on port 3000","metadata":{},"timestamp":"2022-07-28T08:32:14.308Z"}
{"level":"info","message":"Database initialized successfully","metadata":{},"timestamp":"2022-07-28T08:32:14.636Z"}
{"level":"info","message":"Server listening on port 3000","metadata":{},"timestamp":"2022-07-28T08:52:07.481Z"}
{"level":"info","message":"Database initialized successfully","metadata":{},"timestamp":"2022-07-28T08:52:07.850Z"}
{"level":"info","message":"Server listening on port 3000","metadata":{},"timestamp":"2022-07-28T12:40:51.423Z"}
{"level":"info","message":"Database initialized successfully","metadata":{},"timestamp":"2022-07-28T12:40:51.797Z"}
{"level":"info","message":"Cannot read properties of undefined (reading 'role')","metadata":{},"timestamp":"2022-07-28T12:46:04.963Z"}
{"level":"info","message":"Server listening on port 3000","metadata":{},"timestamp":"2022-07-28T12:47:09.603Z"}
{"level":"info","message":"Database initialized successfully","metadata":{},"timestamp":"2022-07-28T12:47:09.969Z"}
{"level":"info","message":"Server listening on port 3000","metadata":{},"timestamp":"2022-07-28T12:47:15.614Z"}
{"level":"info","message":"Database initialized successfully","metadata":{},"timestamp":"2022-07-28T12:47:16.053Z"}
{"level":"info","message":"Server listening on port 3000","metadata":{},"timestamp":"2022-07-28T12:47:20.178Z"}
{"level":"info","message":"Database initialized successfully","metadata":{},"timestamp":"2022-07-28T12:47:20.661Z"}
{"level":"info","message":"Server listening on port 3000","metadata":{},"timestamp":"2022-07-28T12:47:24.557Z"}
{"level":"info","message":"Database initialized successfully","metadata":{},"timestamp":"2022-07-28T12:47:24.816Z"}
{"level":"info","message":"Cannot read properties of undefined (reading 'role')","metadata":{},"timestamp":"2022-07-28T12:47:29.000Z"}
{"level":"info","message":"Server listening on port 3000","metadata":{},"timestamp":"2022-07-28T12:49:10.833Z"}
{"level":"info","message":"Database initialized successfully","metadata":{},"timestamp":"2022-07-28T12:49:11.189Z"}
{"level":"info","message":"userUpdate is not defined","metadata":{},"timestamp":"2022-07-28T12:49:15.508Z"}
{"level":"info","message":"Server listening on port 3000","metadata":{},"timestamp":"2022-07-28T12:50:10.335Z"}
{"level":"info","message":"Database initialized successfully","metadata":{},"timestamp":"2022-07-28T12:50:10.649Z"}
{"level":"info","message":"Server listening on port 3000","metadata":{},"timestamp":"2022-07-28T12:50:17.871Z"}
{"level":"info","message":"Database initialized successfully","metadata":{},"timestamp":"2022-07-28T12:50:18.264Z"}
{"level":"info","message":"Server listening on port 3000","metadata":{},"timestamp":"2022-07-28T13:11:16.537Z"}
{"level":"info","message":"Database initialized successfully","metadata":{},"timestamp":"2022-07-28T13:11:16.837Z"}
{"level":"info","message":"Server listening on port 3000","metadata":{},"timestamp":"2022-07-28T13:15:40.079Z"}
{"level":"info","message":"Database initialized successfully","metadata":{},"timestamp":"2022-07-28T13:15:40.377Z"}
{"level":"info","message":"Server listening on port 3000","metadata":{},"timestamp":"2022-07-28T13:16:25.976Z"}
{"level":"info","message":"Server listening on port 3000","metadata":{},"timestamp":"2022-07-28T13:16:29.731Z"}
{"level":"info","message":"Database initialized successfully","metadata":{},"timestamp":"2022-07-28T13:16:30.164Z"}
{"level":"info","message":"Server listening on port 3000","metadata":{},"timestamp":"2022-07-28T13:16:33.164Z"}
{"level":"info","message":"Server listening on port 3000","metadata":{},"timestamp":"2022-07-28T13:16:41.902Z"}
{"level":"info","message":"Database initialized successfully","metadata":{},"timestamp":"2022-07-28T13:16:42.307Z"}
{"level":"info","message":"Server listening on port 3000","metadata":{},"timestamp":"2022-07-28T13:16:45.696Z"}
{"level":"info","message":"Database initialized successfully","metadata":{},"timestamp":"2022-07-28T13:16:46.074Z"}
{"level":"info","message":"Server listening on port 3000","metadata":{},"timestamp":"2022-07-28T13:16:51.304Z"}
{"level":"info","message":"Database initialized successfully","metadata":{},"timestamp":"2022-07-28T13:16:51.585Z"}
{"level":"info","message":"Server listening on port 3000","metadata":{},"timestamp":"2022-07-28T14:47:20.272Z"}
{"level":"info","message":"Database initialized successfully","metadata":{},"timestamp":"2022-07-28T14:47:20.629Z"}
{"level":"info","message":"Server listening on port 3000","metadata":{},"timestamp":"2022-07-28T14:58:13.821Z"}
{"level":"info","message":"Database initialized successfully","metadata":{},"timestamp":"2022-07-28T14:58:14.145Z"}
{"level":"info","message":"Server listening on port 3000","metadata":{},"timestamp":"2022-07-28T16:50:07.901Z"}
{"level":"info","message":"Database initialized successfully","metadata":{},"timestamp":"2022-07-28T16:50:09.282Z"}
{"level":"info","message":"Server listening on port 3000","metadata":{},"timestamp":"2022-07-28T17:02:05.654Z"}
{"level":"info","message":"Database initialized successfully","metadata":{},"timestamp":"2022-07-28T17:02:07.432Z"}
{"level":"info","message":"Server listening on port 3000","metadata":{},"timestamp":"2022-07-28T17:33:16.375Z"}
{"level":"info","message":"Server listening on port 3000","metadata":{},"timestamp":"2022-07-28T17:33:59.877Z"}
{"level":"info","message":"Database connection error: querySrv ECONNREFUSED _mongodb._tcp.cluster0.d27ax.mongodb.net","metadata":{},"timestamp":"2022-07-28T17:33:59.919Z"}
{"level":"info","message":"Server listening on port 3000","metadata":{},"timestamp":"2022-07-28T17:34:31.977Z"}
{"level":"info","message":"Database connection error: querySrv ECONNREFUSED _mongodb._tcp.cluster0.d27ax.mongodb.net","metadata":{},"timestamp":"2022-07-28T17:34:32.016Z"}
{"level":"info","message":"Server listening on port 3000","metadata":{},"timestamp":"2022-07-28T17:35:06.724Z"}
{"level":"info","message":"Server listening on port 3000","metadata":{},"timestamp":"2022-07-28T17:35:39.406Z"}
{"level":"info","message":"Database connection error: querySrv ECONNREFUSED _mongodb._tcp.cluster0.d27ax.mongodb.net","metadata":{},"timestamp":"2022-07-28T17:35:39.444Z"}
{"level":"info","message":"Server listening on port 3000","metadata":{},"timestamp":"2022-07-28T17:36:00.889Z"}
{"level":"info","message":"Database connection error: querySrv ECONNREFUSED _mongodb._tcp.cluster0.d27ax.mongodb.net","metadata":{},"timestamp":"2022-07-28T17:36:00.938Z"}
{"level":"info","message":"Server listening on port 3000","metadata":{},"timestamp":"2022-07-28T17:36:53.423Z"}
{"level":"info","message":"Database initialized successfully","metadata":{},"timestamp":"2022-07-28T17:36:55.221Z"}
{"level":"info","message":"Server listening on port 3000","metadata":{},"timestamp":"2022-07-28T17:39:28.859Z"}
{"level":"info","message":"Database initialized successfully","metadata":{},"timestamp":"2022-07-28T17:39:32.157Z"}
{"level":"info","message":"Server listening on port 3000","metadata":{},"timestamp":"2022-07-28T17:39:36.246Z"}
{"level":"info","message":"Database initialized successfully","metadata":{},"timestamp":"2022-07-28T17:39:40.502Z"}
{"level":"info","message":"Server listening on port 3000","metadata":{},"timestamp":"2022-07-28T19:20:28.357Z"}
{"level":"info","message":"Database initialized successfully","metadata":{},"timestamp":"2022-07-28T19:20:29.775Z"}
{"level":"info","message":"Server listening on port 3000","metadata":{},"timestamp":"2022-07-28T19:21:18.592Z"}
{"level":"info","message":"Database initialized successfully","metadata":{},"timestamp":"2022-07-28T19:21:20.841Z"}
{"level":"info","message":"Server listening on port 3000","metadata":{},"timestamp":"2022-07-28T19:21:24.841Z"}
{"level":"info","message":"Database initialized successfully","metadata":{},"timestamp":"2022-07-28T19:21:27.014Z"}
{"level":"info","message":"data is not defined","metadata":{},"timestamp":"2022-07-28T19:21:37.110Z"}
{"level":"info","message":"data is not defined","metadata":{},"timestamp":"2022-07-28T19:21:37.112Z"}
{"level":"info","message":"Server listening on port 3000","metadata":{},"timestamp":"2022-07-28T19:23:04.980Z"}
{"level":"info","message":"Server listening on port 3000","metadata":{},"timestamp":"2022-07-28T19:23:09.788Z"}
{"level":"info","message":"Database initialized successfully","metadata":{},"timestamp":"2022-07-28T19:23:11.009Z"}
{"level":"info","message":"Server listening on port 3000","metadata":{},"timestamp":"2022-07-28T19:23:19.870Z"}
{"level":"info","message":"Database initialized successfully","metadata":{},"timestamp":"2022-07-28T19:23:21.141Z"}
{"level":"info","message":"Server listening on port 3000","metadata":{},"timestamp":"2022-07-28T19:23:30.066Z"}
{"level":"info","message":"Database initialized successfully","metadata":{},"timestamp":"2022-07-28T19:23:31.262Z"}
{"level":"info","message":"updateUser is not defined","metadata":{},"timestamp":"2022-07-28T19:23:35.114Z"}
{"level":"info","message":"updateUser is not defined","metadata":{},"timestamp":"2022-07-28T19:23:35.115Z"}
{"level":"info","message":"Server listening on port 3000","metadata":{},"timestamp":"2022-07-28T19:24:05.679Z"}
{"level":"info","message":"Database initialized successfully","metadata":{},"timestamp":"2022-07-28T19:24:06.916Z"}
{"level":"info","message":"Server listening on port 3000","metadata":{},"timestamp":"2022-07-28T19:24:14.789Z"}
{"level":"info","message":"Database initialized successfully","metadata":{},"timestamp":"2022-07-28T19:24:16.004Z"}
{"level":"info","message":"Server listening on port 3000","metadata":{},"timestamp":"2022-07-28T19:25:27.270Z"}
{"level":"info","message":"Server listening on port 3000","metadata":{},"timestamp":"2022-07-28T19:25:29.675Z"}
{"level":"info","message":"Database initialized successfully","metadata":{},"timestamp":"2022-07-28T19:25:30.826Z"}
{"level":"info","message":"Server listening on port 3000","metadata":{},"timestamp":"2022-07-28T19:25:49.437Z"}
{"level":"info","message":"Database initialized successfully","metadata":{},"timestamp":"2022-07-28T19:25:50.854Z"}
{"level":"info","message":"Server listening on port 3000","metadata":{},"timestamp":"2022-07-28T19:26:44.237Z"}
{"level":"info","message":"Database initialized successfully","metadata":{},"timestamp":"2022-07-28T19:26:45.563Z"}
{"level":"info","message":"Server listening on port 3000","metadata":{},"timestamp":"2022-07-28T19:27:13.333Z"}
{"level":"info","message":"Server listening on port 3000","metadata":{},"timestamp":"2022-07-28T19:27:17.637Z"}
{"level":"info","message":"Database initialized successfully","metadata":{},"timestamp":"2022-07-28T19:27:18.895Z"}
{"level":"info","message":"Server listening on port 3000","metadata":{},"timestamp":"2022-07-28T19:27:22.242Z"}
{"level":"info","message":"Database initialized successfully","metadata":{},"timestamp":"2022-07-28T19:27:23.377Z"}
{"level":"info","message":"Server listening on port 3000","metadata":{},"timestamp":"2022-07-28T19:27:26.910Z"}
{"level":"info","message":"Database initialized successfully","metadata":{},"timestamp":"2022-07-28T19:27:28.151Z"}
{"level":"info","message":"Server listening on port 3000","metadata":{},"timestamp":"2022-07-28T19:27:39.809Z"}
{"level":"info","message":"Server listening on port 3000","metadata":{},"timestamp":"2022-07-28T19:27:45.878Z"}
{"level":"info","message":"Database initialized successfully","metadata":{},"timestamp":"2022-07-28T19:27:47.094Z"}
{"level":"info","message":"Server listening on port 3000","metadata":{},"timestamp":"2022-07-28T19:27:50.361Z"}
{"level":"info","message":"Server listening on port 3000","metadata":{},"timestamp":"2022-07-28T19:27:58.058Z"}
{"level":"info","message":"Database initialized successfully","metadata":{},"timestamp":"2022-07-28T19:27:59.318Z"}
{"level":"info","message":"Server listening on port 3000","metadata":{},"timestamp":"2022-07-28T19:28:06.895Z"}
{"level":"info","message":"Database initialized successfully","metadata":{},"timestamp":"2022-07-28T19:28:08.137Z"}
{"level":"info","message":"Server listening on port 3000","metadata":{},"timestamp":"2022-07-28T19:28:20.315Z"}
{"level":"info","message":"Database initialized successfully","metadata":{},"timestamp":"2022-07-28T19:28:22.299Z"}
{"level":"info","message":"Server listening on port 3000","metadata":{},"timestamp":"2022-07-28T19:28:47.479Z"}
{"level":"info","message":"Server listening on port 3000","metadata":{},"timestamp":"2022-07-28T19:28:51.027Z"}
{"level":"info","message":"Database initialized successfully","metadata":{},"timestamp":"2022-07-28T19:28:52.203Z"}
{"level":"info","message":"Server listening on port 3000","metadata":{},"timestamp":"2022-07-28T19:28:57.522Z"}
{"level":"info","message":"Database initialized successfully","metadata":{},"timestamp":"2022-07-28T19:28:59.739Z"}
{"level":"info","message":"Server listening on port 3000","metadata":{},"timestamp":"2022-07-28T19:29:24.446Z"}
{"level":"info","message":"Database initialized successfully","metadata":{},"timestamp":"2022-07-28T19:29:25.700Z"}
{"level":"info","message":"Server listening on port 3000","metadata":{},"timestamp":"2022-07-28T19:29:53.716Z"}
{"level":"info","message":"Server listening on port 3000","metadata":{},"timestamp":"2022-07-28T19:29:59.298Z"}
{"level":"info","message":"Database initialized successfully","metadata":{},"timestamp":"2022-07-28T19:30:00.665Z"}
{"level":"info","message":"Server listening on port 3000","metadata":{},"timestamp":"2022-07-28T19:30:03.169Z"}
{"level":"info","message":"Database initialized successfully","metadata":{},"timestamp":"2022-07-28T19:30:04.370Z"}
{"level":"info","message":"Server listening on port 3000","metadata":{},"timestamp":"2022-07-28T19:31:04.823Z"}
{"level":"info","message":"Database initialized successfully","metadata":{},"timestamp":"2022-07-28T19:31:06.183Z"}
{"level":"info","message":"Server listening on port 3000","metadata":{},"timestamp":"2022-07-28T19:31:24.322Z"}
{"level":"info","message":"Database initialized successfully","metadata":{},"timestamp":"2022-07-28T19:31:25.640Z"}
{"level":"info","message":"Server listening on port 3000","metadata":{},"timestamp":"2022-07-28T19:31:34.895Z"}
{"level":"info","message":"Database initialized successfully","metadata":{},"timestamp":"2022-07-28T19:31:36.424Z"}
{"level":"info","message":"Server listening on port 3000","metadata":{},"timestamp":"2022-07-28T19:35:11.779Z"}
{"level":"info","message":"Database initialized successfully","metadata":{},"timestamp":"2022-07-28T19:35:13.269Z"}
{"level":"info","message":"Server listening on port 3000","metadata":{},"timestamp":"2022-07-28T19:37:45.098Z"}
{"level":"info","message":"Database initialized successfully","metadata":{},"timestamp":"2022-07-28T19:37:46.297Z"}
{"level":"info","message":"Server listening on port 3000","metadata":{},"timestamp":"2022-07-28T19:38:13.266Z"}
{"level":"info","message":"Server listening on port 3000","metadata":{},"timestamp":"2022-07-28T19:38:15.847Z"}
{"level":"info","message":"Database initialized successfully","metadata":{},"timestamp":"2022-07-28T19:38:17.000Z"}
{"level":"info","message":"Server listening on port 3000","metadata":{},"timestamp":"2022-07-28T19:38:58.451Z"}
{"level":"info","message":"Database initialized successfully","metadata":{},"timestamp":"2022-07-28T19:38:59.685Z"}
{"level":"info","message":"Server listening on port 3000","metadata":{},"timestamp":"2022-07-28T19:39:07.022Z"}
{"level":"info","message":"Database initialized successfully","metadata":{},"timestamp":"2022-07-28T19:39:08.186Z"}
{"level":"info","message":"Server listening on port 3000","metadata":{},"timestamp":"2022-07-28T19:39:09.868Z"}
{"level":"info","message":"Database initialized successfully","metadata":{},"timestamp":"2022-07-28T19:39:11.039Z"}
{"level":"info","message":"Server listening on port 3000","metadata":{},"timestamp":"2022-07-28T19:39:17.810Z"}
{"level":"info","message":"Database initialized successfully","metadata":{},"timestamp":"2022-07-28T19:39:20.219Z"}
{"level":"info","message":"Server listening on port 3000","metadata":{},"timestamp":"2022-07-28T19:39:22.270Z"}
{"level":"info","message":"Database initialized successfully","metadata":{},"timestamp":"2022-07-28T19:39:23.367Z"}
{"level":"info","message":"Server listening on port 3000","metadata":{},"timestamp":"2022-07-28T19:39:25.486Z"}
{"level":"info","message":"Database initialized successfully","metadata":{},"timestamp":"2022-07-28T19:39:26.656Z"}
{"level":"info","message":"Server listening on port 3000","metadata":{},"timestamp":"2022-07-28T19:39:45.557Z"}
{"level":"info","message":"Database initialized successfully","metadata":{},"timestamp":"2022-07-28T19:39:46.708Z"}
{"level":"info","message":"Server listening on port 3000","metadata":{},"timestamp":"2022-07-28T19:43:36.595Z"}
{"level":"info","message":"Database initialized successfully","metadata":{},"timestamp":"2022-07-28T19:43:38.460Z"}
{"level":"info","message":"Server listening on port 3000","metadata":{},"timestamp":"2022-07-28T19:44:03.742Z"}
{"level":"info","message":"Server listening on port 3000","metadata":{},"timestamp":"2022-07-28T19:44:10.275Z"}
{"level":"info","message":"Server listening on port 3000","metadata":{},"timestamp":"2022-07-28T19:44:13.266Z"}
{"level":"info","message":"Database initialized successfully","metadata":{},"timestamp":"2022-07-28T19:44:14.544Z"}
{"level":"info","message":"Server listening on port 3000","metadata":{},"timestamp":"2022-07-28T19:45:27.586Z"}
{"level":"info","message":"Database initialized successfully","metadata":{},"timestamp":"2022-07-28T19:45:30.962Z"}
{"level":"info","message":"Server listening on port 3000","metadata":{},"timestamp":"2022-07-28T19:45:47.163Z"}
{"level":"info","message":"Server listening on port 3000","metadata":{},"timestamp":"2022-07-28T19:45:51.090Z"}
{"level":"info","message":"Database initialized successfully","metadata":{},"timestamp":"2022-07-28T19:45:52.218Z"}
{"level":"info","message":"Server listening on port 3000","metadata":{},"timestamp":"2022-07-28T19:46:00.340Z"}
{"level":"info","message":"Database initialized successfully","metadata":{},"timestamp":"2022-07-28T19:46:02.446Z"}
{"level":"info","message":"client is not authorized to get Inspection Manager list","metadata":{},"timestamp":"2022-07-28T19:47:17.166Z"}
{"level":"info","message":"client is not authorized to get Inspection Manager list","metadata":{},"timestamp":"2022-07-28T19:47:17.168Z"}
{"level":"info","message":"Server listening on port 3000","metadata":{},"timestamp":"2022-07-28T19:48:00.904Z"}
{"level":"info","message":"Database initialized successfully","metadata":{},"timestamp":"2022-07-28T19:48:03.357Z"}
{"level":"info","message":"Server listening on port 3000","metadata":{},"timestamp":"2022-07-28T19:51:32.415Z"}
{"level":"info","message":"Database initialized successfully","metadata":{},"timestamp":"2022-07-28T19:51:33.805Z"}
{"level":"info","message":"Server listening on port 3000","metadata":{},"timestamp":"2022-07-28T19:54:28.351Z"}
{"level":"info","message":"Database initialized successfully","metadata":{},"timestamp":"2022-07-28T19:54:29.661Z"}
{"level":"info","message":"Server listening on port 3000","metadata":{},"timestamp":"2022-07-28T19:55:05.048Z"}
{"level":"info","message":"Database initialized successfully","metadata":{},"timestamp":"2022-07-28T19:55:06.294Z"}
{"level":"info","message":"client is not authorized to get Inspection Manager list","metadata":{},"timestamp":"2022-07-28T20:05:39.471Z"}
{"level":"info","message":"client is not authorized to get Inspection Manager list","metadata":{},"timestamp":"2022-07-28T20:05:39.475Z"}
{"level":"info","message":"Server listening on port 3000","metadata":{},"timestamp":"2022-07-28T20:07:39.935Z"}
{"level":"info","message":"Server listening on port 3000","metadata":{},"timestamp":"2022-07-28T20:07:45.295Z"}
{"level":"info","message":"Server listening on port 3000","metadata":{},"timestamp":"2022-07-28T20:07:49.773Z"}
{"level":"info","message":"Server listening on port 3000","metadata":{},"timestamp":"2022-07-28T20:07:52.048Z"}
{"level":"info","message":"Database initialized successfully","metadata":{},"timestamp":"2022-07-28T20:07:53.264Z"}
{"level":"info","message":"Server listening on port 3000","metadata":{},"timestamp":"2022-07-28T20:07:57.149Z"}
{"level":"info","message":"Server listening on port 3000","metadata":{},"timestamp":"2022-07-28T20:08:08.530Z"}
{"level":"info","message":"Database initialized successfully","metadata":{},"timestamp":"2022-07-28T20:08:16.813Z"}
{"level":"info","message":"Server listening on port 3000","metadata":{},"timestamp":"2022-07-28T20:08:52.679Z"}
{"level":"info","message":"Database initialized successfully","metadata":{},"timestamp":"2022-07-28T20:09:00.404Z"}
{"level":"info","message":"Server listening on port 3000","metadata":{},"timestamp":"2022-07-28T20:09:35.967Z"}
{"level":"info","message":"Database initialized successfully","metadata":{},"timestamp":"2022-07-28T20:09:38.110Z"}
{"level":"info","message":"Server listening on port 3000","metadata":{},"timestamp":"2022-07-28T20:09:55.237Z"}
{"level":"info","message":"Database initialized successfully","metadata":{},"timestamp":"2022-07-28T20:09:56.458Z"}
{"level":"info","message":"client is not authorized to get Inspection Manager list","metadata":{},"timestamp":"2022-07-28T20:10:27.164Z"}
{"level":"info","message":"client is not authorized to get Inspection Manager list","metadata":{},"timestamp":"2022-07-28T20:10:27.166Z"}
{"level":"info","message":"Server listening on port 3000","metadata":{},"timestamp":"2022-07-28T20:11:15.854Z"}
{"level":"info","message":"Server listening on port 3000","metadata":{},"timestamp":"2022-07-28T20:11:41.323Z"}
{"level":"info","message":"Database initialized successfully","metadata":{},"timestamp":"2022-07-28T20:11:42.604Z"}
{"level":"info","message":"Server listening on port 3000","metadata":{},"timestamp":"2022-07-28T20:12:19.741Z"}
{"level":"info","message":"Database initialized successfully","metadata":{},"timestamp":"2022-07-28T20:12:20.964Z"}
{"level":"info","message":"client is not authorized to get Inspection Manager list","metadata":{},"timestamp":"2022-07-28T20:14:05.266Z"}
{"level":"info","message":"client is not authorized to get Inspection Manager list","metadata":{},"timestamp":"2022-07-28T20:14:05.269Z"}
